
Commit made on Thu Oct 10 01:08:49 UTC 2024
Commit made on Fri Oct 11 01:09:12 UTC 2024
Commit made on Fri Oct 11 06:15:19 UTC 2024
Commit made on Fri Oct 11 08:14:28 UTC 2024
Commit made on Fri Oct 11 10:11:13 UTC 2024
Commit made on Fri Oct 11 12:19:16 UTC 2024
Commit made on Fri Oct 11 14:10:51 UTC 2024
Commit made on Fri Oct 11 16:12:42 UTC 2024
Commit made on Fri Oct 11 18:14:11 UTC 2024
Commit made on Fri Oct 11 20:11:38 UTC 2024
Commit made on Fri Oct 11 22:10:10 UTC 2024
Commit made on Sat Oct 12 00:46:45 UTC 2024
Commit made on Sat Oct 12 02:41:26 UTC 2024
Commit made on Sat Oct 12 04:12:57 UTC 2024
Commit made on Sat Oct 12 06:13:47 UTC 2024
Commit made on Sat Oct 12 08:12:55 UTC 2024
Commit made on Sat Oct 12 10:10:05 UTC 2024
Commit made on Sat Oct 12 12:17:32 UTC 2024
Commit made on Sat Oct 12 14:08:50 UTC 2024
Commit made on Sat Oct 12 16:11:29 UTC 2024
Commit made on Sat Oct 12 18:12:40 UTC 2024
Commit made on Sat Oct 12 20:10:55 UTC 2024
Commit made on Sat Oct 12 22:09:44 UTC 2024
Commit made on Sun Oct 13 00:52:43 UTC 2024
Commit made on Sun Oct 13 02:49:29 UTC 2024
Commit made on Sun Oct 13 04:12:50 UTC 2024
Commit made on Sun Oct 13 06:14:43 UTC 2024
Commit made on Sun Oct 13 08:13:13 UTC 2024
Commit made on Sun Oct 13 10:10:16 UTC 2024
Commit made on Sun Oct 13 12:17:33 UTC 2024
Commit made on Sun Oct 13 14:09:11 UTC 2024
Commit made on Sun Oct 13 16:11:53 UTC 2024
Commit made on Sun Oct 13 18:13:32 UTC 2024
Commit made on Sun Oct 13 20:11:18 UTC 2024
Commit made on Sun Oct 13 22:09:37 UTC 2024
Commit made on Mon Oct 14 00:50:59 UTC 2024
Commit made on Mon Oct 14 02:48:42 UTC 2024
Commit made on Mon Oct 14 04:13:46 UTC 2024
